{"synthetic": false,
 "schemaVersion": "2025-09-10",
 "outputs": "d0504e41f6112751",
 "log":
 [{"message":
   ".> /opt/lean4/bin/clang -o /home/joyz/work/school/netsec/project/lean-detector/.lake/build/bin/bgpattackdetector /home/joyz/work/school/netsec/project/lean-detector/.lake/build/ir/Main.c.o.export /home/joyz/work/school/netsec/project/lean-detector/.lake/build/ir/BGPAttackDetector/Basic.c.o.export /home/joyz/work/school/netsec/project/lean-detector/.lake/build/ir/BGPAttackDetector.c.o.export -L /opt/lean4/lib/lean --sysroot /opt/lean4 -L /opt/lean4/lib -L /opt/lean4/lib/glibc -lc -lc_nonshared -Wl,--as-needed -l:ld.so -Wl,--no-as-needed -lpthread_nonshared -Wl,--as-needed -Wl,-Bstatic -lgmp -lunwind -luv -Wl,-Bdynamic -Wl,--no-as-needed -fuse-ld=lld -Wl,--start-group -lleancpp -lLean -Wl,--end-group -lStd -Wl,--start-group -lInit -lleanrt -Wl,--end-group -Wl,-Bstatic -lc++ -lc++abi -Wl,-Bdynamic -lLake -Wl,--as-needed -lgmp -luv -lpthread -ldl -lrt -Wl,--no-as-needed -Wl,--gc-sections -lm -ldl -pthread",
   "level": "trace"}],
 "inputs":
 [["linkObjs",
   [["/home/joyz/work/school/netsec/project/lean-detector/.lake/build/ir/Main.c.o.export",
     "16b4d47848eea8e8"],
    ["/home/joyz/work/school/netsec/project/lean-detector/.lake/build/ir/BGPAttackDetector/Basic.c.o.export",
     "4fd5efa5d47a1e3f"],
    ["/home/joyz/work/school/netsec/project/lean-detector/.lake/build/ir/BGPAttackDetector.c.o.export",
     "d705186ed644d176"]]],
  ["linkLibs", "00000000000006bb"],
  ["Lean 4.29.1, commit f72c35b3f637c8c6571d353742168ab66cc22c00",
   "fa77a35a41db35c0"],
  ["traceArgs: #[]", "00000000000006bb"],
  ["x86_64-unknown-linux-gnu", "53a0e8937c307c28"]],
 "depHash": "45b5f267e6d9dbe6"}