{"synthetic": false,
 "schemaVersion": "2025-09-10",
 "outputs":
 {"o": ["cd49f096dc395447.olean"],
  "i": "bccc9b898eaa3b20.ilean",
  "c": "e91c504ec7ae1bc5.c"},
 "log":
 [{"message":
   ".> LEAN_PATH=/home/joyz/work/school/netsec/project/lean-detector/.lake/packages/Cli/.lake/build/lib/lean:/home/joyz/work/school/netsec/project/lean-detector/.lake/packages/batteries/.lake/build/lib/lean:/home/joyz/work/school/netsec/project/lean-detector/.lake/packages/Qq/.lake/build/lib/lean:/home/joyz/work/school/netsec/project/lean-detector/.lake/packages/aesop/.lake/build/lib/lean:/home/joyz/work/school/netsec/project/lean-detector/.lake/packages/proofwidgets/.lake/build/lib/lean:/home/joyz/work/school/netsec/project/lean-detector/.lake/packages/importGraph/.lake/build/lib/lean:/home/joyz/work/school/netsec/project/lean-detector/.lake/packages/LeanSearchClient/.lake/build/lib/lean:/home/joyz/work/school/netsec/project/lean-detector/.lake/packages/plausible/.lake/build/lib/lean:/home/joyz/work/school/netsec/project/lean-detector/.lake/packages/mathlib/.lake/build/lib/lean:/home/joyz/work/school/netsec/project/lean-detector/.lake/build/lib/lean /opt/lean4/bin/lean /home/joyz/work/school/netsec/project/lean-detector/BGPAttackDetector.lean -o /home/joyz/work/school/netsec/project/lean-detector/.lake/build/lib/lean/BGPAttackDetector.olean -i /home/joyz/work/school/netsec/project/lean-detector/.lake/build/lib/lean/BGPAttackDetector.ilean -c /home/joyz/work/school/netsec/project/lean-detector/.lake/build/ir/BGPAttackDetector.c --setup /home/joyz/work/school/netsec/project/lean-detector/.lake/build/ir/BGPAttackDetector.setup.json --json",
   "level": "trace"},
  {"message": "BGPAttackDetector.lean:161:0: false", "level": "info"},
  {"message": "BGPAttackDetector.lean:162:0: true", "level": "info"},
  {"message": "BGPAttackDetector.lean:164:0: Path.cons 32 Path.nil : Path",
   "level": "info"},
  {"message":
   "BGPAttackDetector.lean:185:0: [{ ordering := 1,\n   announced := true,\n   announcer := { net1 := 0x90#8, net2 := 0xe4#8, host1 := 0xf1#8, host2 := 0x51#8 },\n   neighbor := 1239,\n   pref := { ip := { net1 := 0xde#8, net2 := 0xff#8, host1 := 0xe0#8, host2 := 0x00#8 }, prefixLen := 19 },\n   path := Path.cons 1239 (Path.cons 6762 (Path.cons 7473 (Path.cons 7643 (Path.nil)))) }]",
   "level": "info"},
  {"message": "BGPAttackDetector.lean:259:0: true", "level": "info"},
  {"message": "BGPAttackDetector.lean:292:0: [true]", "level": "info"}],
 "inputs":
 [["BGPAttackDetector:deps",
   [["deps",
     [["BGPAttackDetector/BGPAttackDetector:extraDep",
       [["@BGPAttackDetector:extraDep", "00000000000006bb"]]],
      ["imports",
       [["BGPAttackDetector.Basic transitive imports (legacy)",
         "00000000000006bb"],
        ["BGPAttackDetector.Basic:importAllArts", "e15a7a2274964422"]]]]],
    ["libs",
     [["import dynlibs", "00000000000006bb"],
      ["package external libraries", "00000000000006bb"],
      ["module dynlibs", "00000000000006bb"],
      ["module plugins", "00000000000006bb"]]]]],
  ["Lean 4.29.1, commit f72c35b3f637c8c6571d353742168ab66cc22c00",
   "fa77a35a41db35c0"],
  ["/home/joyz/work/school/netsec/project/lean-detector/BGPAttackDetector.lean",
   "01689aba2b13741c"],
  ["options", "00000000000006bb"],
  ["isModule: false", "feefd2a0d3a1847e"],
  ["Module.name: BGPAttackDetector", "0ca727b1d6c9ca7a"],
  ["Package.id?: (some BGPAttackDetector)", "d17194c13606797d"],
  ["Module.leanArgs: #[]", "00000000000006bb"]],
 "depHash": "fc9e2983df10f3c9"}