{"synthetic": false,
 "schemaVersion": "2025-09-10",
 "outputs":
 {"o": ["e22b36c5ba268b15.olean"],
  "i": "3986c65d22d3c030.ilean",
  "c": "7751a8c6e3137f2c.c"},
 "log":
 [{"message":
   ".> LEAN_PATH=/home/joyz/work/school/netsec/project/lean-detector/.lake/packages/Cli/.lake/build/lib/lean:/home/joyz/work/school/netsec/project/lean-detector/.lake/packages/batteries/.lake/build/lib/lean:/home/joyz/work/school/netsec/project/lean-detector/.lake/packages/Qq/.lake/build/lib/lean:/home/joyz/work/school/netsec/project/lean-detector/.lake/packages/aesop/.lake/build/lib/lean:/home/joyz/work/school/netsec/project/lean-detector/.lake/packages/proofwidgets/.lake/build/lib/lean:/home/joyz/work/school/netsec/project/lean-detector/.lake/packages/importGraph/.lake/build/lib/lean:/home/joyz/work/school/netsec/project/lean-detector/.lake/packages/LeanSearchClient/.lake/build/lib/lean:/home/joyz/work/school/netsec/project/lean-detector/.lake/packages/plausible/.lake/build/lib/lean:/home/joyz/work/school/netsec/project/lean-detector/.lake/packages/mathlib/.lake/build/lib/lean:/home/joyz/work/school/netsec/project/lean-detector/.lake/build/lib/lean /opt/lean4/bin/lean /home/joyz/work/school/netsec/project/lean-detector/Main.lean -o /home/joyz/work/school/netsec/project/lean-detector/.lake/build/lib/lean/Main.olean -i /home/joyz/work/school/netsec/project/lean-detector/.lake/build/lib/lean/Main.ilean -c /home/joyz/work/school/netsec/project/lean-detector/.lake/build/ir/Main.c --setup /home/joyz/work/school/netsec/project/lean-detector/.lake/build/ir/Main.setup.json --json",
   "level": "trace"}],
 "inputs":
 [["Main:deps",
   [["deps",
     [["BGPAttackDetector/bgpattackdetector:extraDep",
       [["@BGPAttackDetector:extraDep", "00000000000006bb"]]],
      ["imports",
       [["BGPAttackDetector transitive imports (legacy)", "5a9ec882b598d96d"],
        ["BGPAttackDetector:importAllArts", "1cbae4abbd913aa5"]]]]],
    ["libs",
     [["import dynlibs", "00000000000006bb"],
      ["package external libraries", "00000000000006bb"],
      ["module dynlibs", "00000000000006bb"],
      ["module plugins", "00000000000006bb"]]]]],
  ["Lean 4.29.1, commit f72c35b3f637c8c6571d353742168ab66cc22c00",
   "fa77a35a41db35c0"],
  ["/home/joyz/work/school/netsec/project/lean-detector/Main.lean",
   "06207e25190be67f"],
  ["options", "00000000000006bb"],
  ["isModule: false", "feefd2a0d3a1847e"],
  ["Module.name: Main", "f2a1fd945cf30c62"],
  ["Package.id?: (some BGPAttackDetector)", "d17194c13606797d"],
  ["Module.leanArgs: #[]", "00000000000006bb"]],
 "depHash": "4efbb966e808c0c8"}